<?xml version="1.0" encoding="UTF-8"?>
<testng-results ignored="0" total="1" passed="1" failed="0" skipped="0">
  <reporter-output>
  </reporter-output>
  <suite started-at="2021-08-27T18:28:03 CDT" name="Suite" finished-at="2021-08-27T18:28:15 CDT" duration-ms="12207">
    <groups>
    </groups>
    <test started-at="2021-08-27T18:28:03 CDT" name="Test" finished-at="2021-08-27T18:28:15 CDT" duration-ms="12207">
      <class name="selenium_tutorials.Assertdemo">
        <test-method signature="Assert()[pri:0, instance:selenium_tutorials.Assertdemo@4659191b]" started-at="2021-08-27T18:28:03 CDT" name="Assert" finished-at="2021-08-27T18:28:15 CDT" duration-ms="12175" status="PASS">
          <reporter-output>
          </reporter-output>
        </test-method> <!-- Assert -->
      </class> <!-- selenium_tutorials.Assertdemo -->
    </test> <!-- Test -->
  </suite> <!-- Suite -->
</testng-results>
